{
  "stats": {
    "suites": 1,
    "tests": 3,
    "passes": 3,
    "pending": 0,
    "failures": 0,
    "start": "2023-11-16T02:02:06.788Z",
    "end": "2023-11-16T02:02:12.795Z",
    "duration": 6007,
    "testsRegistered": 3,
    "passPercent": 100,
    "pendingPercent": 0,
    "other": 0,
    "hasOther": false,
    "skipped": 0,
    "hasSkipped": false
  },
  "results": [
    {
      "uuid": "7dc5427b-4a6d-4115-9165-134e88182706",
      "title": "",
      "fullFile": "cypress\\e2e\\integration\\01-firstTests.cy.js",
      "file": "cypress\\e2e\\integration\\01-firstTests.cy.js",
      "beforeHooks": [],
      "afterHooks": [],
      "tests": [],
      "suites": [
        {
          "uuid": "97836e00-4d08-4759-934c-8966895bc951",
          "title": "My First Test",
          "fullFile": "",
          "file": "",
          "beforeHooks": [],
          "afterHooks": [],
          "tests": [
            {
              "title": "Visit TechGlobal training app home page",
              "fullTitle": "My First Test Visit TechGlobal training app home page",
              "timedOut": null,
              "duration": 1761,
              "state": "passed",
              "speed": "fast",
              "pass": true,
              "fail": false,
              "pending": false,
              "context": "{\n  \"title\": \"cypress-mochawesome-reporter-videos-passed\",\n  \"value\": \"cypress\\\\e2e\\\\integration\\\\01-firstTests.cy.js\"\n}",
              "code": "// Visits the web page\ncy.visit('https://techglobal-training.com/');\n// cy.reload()\n// cy.visit('https://techglobal-training.com/frontend')\n// // Navigate back on the web page\n// // cy.go('back')\n// cy.go(-1)\n// // cy.go('forward')\n// cy.go(1)\n// cy.go(-1)\n// Title validation of web page\ncy.title().should('eq', 'Techglobal Training | Home');\n// URL validation of web page\ncy.url().should('eq', 'https://techglobal-training.com/');\ncy.url().should('contain', 'techglobal-training');",
              "err": {},
              "uuid": "dfdd1479-f073-4ec6-9789-1e7180ee3991",
              "parentUUID": "97836e00-4d08-4759-934c-8966895bc951",
              "isHook": false,
              "skipped": false
            },
            {
              "title": "My First Test",
              "fullTitle": "My First Test My First Test",
              "timedOut": null,
              "duration": 773,
              "state": "passed",
              "speed": "fast",
              "pass": true,
              "fail": false,
              "pending": false,
              "context": "{\n  \"title\": \"cypress-mochawesome-reporter-videos-passed\",\n  \"value\": \"cypress\\\\e2e\\\\integration\\\\01-firstTests.cy.js\"\n}",
              "code": "expect(true).to.equal(true);",
              "err": {},
              "uuid": "0f414061-588e-45a8-902c-3e03e46ef998",
              "parentUUID": "97836e00-4d08-4759-934c-8966895bc951",
              "isHook": false,
              "skipped": false
            },
            {
              "title": "Logo",
              "fullTitle": "My First Test Logo",
              "timedOut": null,
              "duration": 3312,
              "state": "passed",
              "speed": "fast",
              "pass": true,
              "fail": false,
              "pending": false,
              "context": "{\n  \"title\": \"cypress-mochawesome-reporter-videos-passed\",\n  \"value\": \"cypress\\\\e2e\\\\integration\\\\01-firstTests.cy.js\"\n}",
              "code": "cy.visit('https://techglobal-training.com/');\ncy.get(\"#logo\").should('be.visible').click();",
              "err": {},
              "uuid": "28964aa4-d4cc-4fd1-94ef-7df578fc960c",
              "parentUUID": "97836e00-4d08-4759-934c-8966895bc951",
              "isHook": false,
              "skipped": false
            }
          ],
          "suites": [],
          "passes": [
            "dfdd1479-f073-4ec6-9789-1e7180ee3991",
            "0f414061-588e-45a8-902c-3e03e46ef998",
            "28964aa4-d4cc-4fd1-94ef-7df578fc960c"
          ],
          "failures": [],
          "pending": [],
          "skipped": [],
          "duration": 5846,
          "root": false,
          "rootEmpty": false,
          "_timeout": 2000
        }
      ],
      "passes": [],
      "failures": [],
      "pending": [],
      "skipped": [],
      "duration": 0,
      "root": true,
      "rootEmpty": true,
      "_timeout": 2000
    }
  ],
  "meta": {
    "mocha": {
      "version": "7.0.1"
    },
    "mochawesome": {
      "options": {
        "quiet": false,
        "reportFilename": "mochawesome",
        "saveHtml": false,
        "saveJson": true,
        "consoleReporter": "spec",
        "useInlineDiffs": false,
        "code": true
      },
      "version": "7.1.3"
    },
    "marge": {
      "options": {
        "charts": true,
        "reportPageTitle": "My Regression Results",
        "embeddedScreenshots": true,
        "inlineAssets": true,
        "saveAllAttempts": false,
        "overwrite": false,
        "html": false,
        "json": true,
        "reportDir": "cypress\\reports\\html\\.jsons"
      },
      "version": "6.2.0"
    }
  }
}