{
  "stats": {
    "suites": 1,
    "tests": 1,
    "passes": 0,
    "pending": 0,
    "failures": 1,
    "start": "2023-11-16T02:04:06.935Z",
    "end": "2023-11-16T02:04:12.835Z",
    "duration": 5900,
    "testsRegistered": 1,
    "passPercent": 0,
    "pendingPercent": 0,
    "other": 0,
    "hasOther": false,
    "skipped": 0,
    "hasSkipped": false
  },
  "results": [
    {
      "uuid": "7a4794c1-aa6d-43dc-95c5-eb0e91fdf3f3",
      "title": "",
      "fullFile": "cypress\\e2e\\integration\\14-pageObject.cy.js",
      "file": "cypress\\e2e\\integration\\14-pageObject.cy.js",
      "beforeHooks": [],
      "afterHooks": [],
      "tests": [],
      "suites": [
        {
          "uuid": "9a894068-bc40-4a68-8cbc-d68934eae0f7",
          "title": "Login page test",
          "fullFile": "",
          "file": "",
          "beforeHooks": [],
          "afterHooks": [],
          "tests": [
            {
              "title": "Login with POM",
              "fullTitle": "Login page test Login with POM",
              "timedOut": null,
              "duration": 5850,
              "state": "failed",
              "speed": null,
              "pass": false,
              "fail": true,
              "pending": false,
              "context": "[\n  {\n    \"title\": \"cypress-mochawesome-reporter-videos-failed\",\n    \"value\": \"cypress\\\\e2e\\\\integration\\\\14-pageObject.cy.js\"\n  },\n  {\n    \"title\": \"cypress-mochawesome-reporter-screenshots\",\n    \"value\": [\n      [\n        \"\\\\14-pageObject.cy.js\\\\Login page test -- Login with POM (failed).png\"\n      ]\n    ]\n  }\n]",
              "code": "cy.clickCard(\"Project - Login Function\");\nloginPage.userLogin(this.username, this.password);\nloginPage.getSuccessMessage().should(\"not.be.visible\");",
              "err": {
                "message": "AssertionError: Timed out retrying after 4000ms: expected '<h2#success_lgn.LoginForm_success_lgn__--Fno>' not to be 'visible'",
                "estack": "AssertionError: Timed out retrying after 4000ms: expected '<h2#success_lgn.LoginForm_success_lgn__--Fno>' not to be 'visible'\n    at Context.eval (webpack://cypress_framework/./cypress/e2e/integration/14-pageObject.cy.js:32:34)",
                "diff": null
              },
              "uuid": "45e9bd87-52d3-4a5a-af50-ea8a6be6b0bf",
              "parentUUID": "9a894068-bc40-4a68-8cbc-d68934eae0f7",
              "isHook": false,
              "skipped": false
            }
          ],
          "suites": [],
          "passes": [],
          "failures": [
            "45e9bd87-52d3-4a5a-af50-ea8a6be6b0bf"
          ],
          "pending": [],
          "skipped": [],
          "duration": 5850,
          "root": false,
          "rootEmpty": false,
          "_timeout": 2000
        }
      ],
      "passes": [],
      "failures": [],
      "pending": [],
      "skipped": [],
      "duration": 0,
      "root": true,
      "rootEmpty": true,
      "_timeout": 2000
    }
  ],
  "meta": {
    "mocha": {
      "version": "7.0.1"
    },
    "mochawesome": {
      "options": {
        "quiet": false,
        "reportFilename": "mochawesome",
        "saveHtml": false,
        "saveJson": true,
        "consoleReporter": "spec",
        "useInlineDiffs": false,
        "code": true
      },
      "version": "7.1.3"
    },
    "marge": {
      "options": {
        "charts": true,
        "reportPageTitle": "My Regression Results",
        "embeddedScreenshots": true,
        "inlineAssets": true,
        "saveAllAttempts": false,
        "overwrite": false,
        "html": false,
        "json": true,
        "reportDir": "cypress\\reports\\html\\.jsons"
      },
      "version": "6.2.0"
    }
  }
}