{
  "stats": {
    "suites": 1,
    "tests": 1,
    "passes": 1,
    "pending": 0,
    "failures": 0,
    "start": "2023-11-16T02:02:17.312Z",
    "end": "2023-11-16T02:02:18.608Z",
    "duration": 1296,
    "testsRegistered": 1,
    "passPercent": 100,
    "pendingPercent": 0,
    "other": 0,
    "hasOther": false,
    "skipped": 0,
    "hasSkipped": false
  },
  "results": [
    {
      "uuid": "10797933-2c2f-42e0-8bfc-4281aee8401e",
      "title": "",
      "fullFile": "cypress\\e2e\\integration\\02-locators.cy.js",
      "file": "cypress\\e2e\\integration\\02-locators.cy.js",
      "beforeHooks": [],
      "afterHooks": [],
      "tests": [],
      "suites": [
        {
          "uuid": "d8e560cb-dad8-4e87-8596-cd2a9435880e",
          "title": "CSS Locators",
          "fullFile": "",
          "file": "",
          "beforeHooks": [],
          "afterHooks": [],
          "tests": [
            {
              "title": "CSS Locators - Pseudo-classes",
              "fullTitle": "CSS Locators CSS Locators - Pseudo-classes",
              "timedOut": null,
              "duration": 1255,
              "state": "passed",
              "speed": "fast",
              "pass": true,
              "fail": false,
              "pending": false,
              "context": "{\n  \"title\": \"cypress-mochawesome-reporter-videos-passed\",\n  \"value\": \"cypress\\\\e2e\\\\integration\\\\02-locators.cy.js\"\n}",
              "code": "cy.visit('https://techglobal-training.com/frontend/html-elements');\ncy.get('#ordered_list li');\ncy.get('#ordered_list li:last-child');\ncy.get('#ordered_list li:first-child');\ncy.get('#ordered_list li:nth-child(1)');\ncy.get('#checkbox_1').check();\ncy.get('input:checked');\ncy.get('option:selected');\n//NOTE: You can practice below locator using below URL\n// cy.visit('https://techglobal-training.com/js-exercises/js-output')\n// cy.get('.explanation.content > p + ul > li:first-child')",
              "err": {},
              "uuid": "def5ac18-eff7-47bf-a23b-7284b4c28121",
              "parentUUID": "d8e560cb-dad8-4e87-8596-cd2a9435880e",
              "isHook": false,
              "skipped": false
            }
          ],
          "suites": [],
          "passes": [
            "def5ac18-eff7-47bf-a23b-7284b4c28121"
          ],
          "failures": [],
          "pending": [],
          "skipped": [],
          "duration": 1255,
          "root": false,
          "rootEmpty": false,
          "_timeout": 2000
        }
      ],
      "passes": [],
      "failures": [],
      "pending": [],
      "skipped": [],
      "duration": 0,
      "root": true,
      "rootEmpty": true,
      "_timeout": 2000
    }
  ],
  "meta": {
    "mocha": {
      "version": "7.0.1"
    },
    "mochawesome": {
      "options": {
        "quiet": false,
        "reportFilename": "mochawesome",
        "saveHtml": false,
        "saveJson": true,
        "consoleReporter": "spec",
        "useInlineDiffs": false,
        "code": true
      },
      "version": "7.1.3"
    },
    "marge": {
      "options": {
        "charts": true,
        "reportPageTitle": "My Regression Results",
        "embeddedScreenshots": true,
        "inlineAssets": true,
        "saveAllAttempts": false,
        "overwrite": false,
        "html": false,
        "json": true,
        "reportDir": "cypress\\reports\\html\\.jsons"
      },
      "version": "6.2.0"
    }
  }
}