{
  "stats": {
    "suites": 1,
    "tests": 2,
    "passes": 2,
    "pending": 0,
    "failures": 0,
    "start": "2023-11-16T02:02:57.583Z",
    "end": "2023-11-16T02:03:08.248Z",
    "duration": 10665,
    "testsRegistered": 2,
    "passPercent": 100,
    "pendingPercent": 0,
    "other": 0,
    "hasOther": false,
    "skipped": 0,
    "hasSkipped": false
  },
  "results": [
    {
      "uuid": "1a5a42b5-131d-4331-bcef-293a2eac75aa",
      "title": "",
      "fullFile": "cypress\\e2e\\integration\\07-MultipleTabs.cy.js",
      "file": "cypress\\e2e\\integration\\07-MultipleTabs.cy.js",
      "beforeHooks": [],
      "afterHooks": [],
      "tests": [],
      "suites": [
        {
          "uuid": "05d0d376-a151-4b60-a287-0ef3dec72fb3",
          "title": "Interacting Multiple tabs,",
          "fullFile": "",
          "file": "",
          "beforeHooks": [],
          "afterHooks": [],
          "tests": [
            {
              "title": "Multiple tabs",
              "fullTitle": "Interacting Multiple tabs, Multiple tabs",
              "timedOut": null,
              "duration": 6001,
              "state": "passed",
              "speed": "medium",
              "pass": true,
              "fail": false,
              "pending": false,
              "context": "{\n  \"title\": \"cypress-mochawesome-reporter-videos-passed\",\n  \"value\": \"cypress\\\\e2e\\\\integration\\\\07-MultipleTabs.cy.js\"\n}",
              "code": "cy.visit('https://techglobal-training.com/frontend');\ncy.clickCard('Multiple Windows');\ncy.get('#microsoft').should('have.attr', 'target', '_blank');\ncy.get('#apple').invoke('removeAttr', 'target').click();\ncy.go(-1);",
              "err": {},
              "uuid": "37cbbcf4-0647-46f9-a54c-3bb66d65126c",
              "parentUUID": "05d0d376-a151-4b60-a287-0ef3dec72fb3",
              "isHook": false,
              "skipped": false
            },
            {
              "title": "Multi Tabs - Test 1",
              "fullTitle": "Interacting Multiple tabs, Multi Tabs - Test 1",
              "timedOut": null,
              "duration": 4531,
              "state": "passed",
              "speed": "fast",
              "pass": true,
              "fail": false,
              "pending": false,
              "context": "{\n  \"title\": \"cypress-mochawesome-reporter-videos-passed\",\n  \"value\": \"cypress\\\\e2e\\\\integration\\\\07-MultipleTabs.cy.js\"\n}",
              "code": "cy.visit('https://techglobal-training.com/frontend');\ncy.clickCard('Multiple Windows');\ncy.get('#microsoft').should('have.attr', 'target', '_blank');\ncy.get('#apple').invoke('removeAttr', 'target').click();\ncy.go(-1);\ncy.title().then(el => {\n  expect(el.toLocaleLowerCase()).to.contain('techglobal');\n});\n/**\n* Go to https://techglobal-training.com/frontend/\n* Click on the \"Multiple Windows\" card\n* Click on the \"Apple\" link and validate URL contains \"https://www.apple.com/\"\n* Click on the \"Microsoft\" link and validate URL contains \"https://www.microsoft.com/en-us/\"\n* Click on the \"Tesla\" link and validate URL contains \"https://www.tesla.com/\"\n*/",
              "err": {},
              "uuid": "27d859e6-3795-4bbc-89a9-4f98af7972c6",
              "parentUUID": "05d0d376-a151-4b60-a287-0ef3dec72fb3",
              "isHook": false,
              "skipped": false
            }
          ],
          "suites": [],
          "passes": [
            "37cbbcf4-0647-46f9-a54c-3bb66d65126c",
            "27d859e6-3795-4bbc-89a9-4f98af7972c6"
          ],
          "failures": [],
          "pending": [],
          "skipped": [],
          "duration": 10532,
          "root": false,
          "rootEmpty": false,
          "_timeout": 2000
        }
      ],
      "passes": [],
      "failures": [],
      "pending": [],
      "skipped": [],
      "duration": 0,
      "root": true,
      "rootEmpty": true,
      "_timeout": 2000
    }
  ],
  "meta": {
    "mocha": {
      "version": "7.0.1"
    },
    "mochawesome": {
      "options": {
        "quiet": false,
        "reportFilename": "mochawesome",
        "saveHtml": false,
        "saveJson": true,
        "consoleReporter": "spec",
        "useInlineDiffs": false,
        "code": true
      },
      "version": "7.1.3"
    },
    "marge": {
      "options": {
        "charts": true,
        "reportPageTitle": "My Regression Results",
        "embeddedScreenshots": true,
        "inlineAssets": true,
        "saveAllAttempts": false,
        "overwrite": false,
        "html": false,
        "json": true,
        "reportDir": "cypress\\reports\\html\\.jsons"
      },
      "version": "6.2.0"
    }
  }
}