{
  "stats": {
    "suites": 1,
    "tests": 1,
    "passes": 1,
    "pending": 0,
    "failures": 0,
    "start": "2023-11-16T02:02:41.643Z",
    "end": "2023-11-16T02:02:44.507Z",
    "duration": 2864,
    "testsRegistered": 1,
    "passPercent": 100,
    "pendingPercent": 0,
    "other": 0,
    "hasOther": false,
    "skipped": 0,
    "hasSkipped": false
  },
  "results": [
    {
      "uuid": "5e31aef6-7fa1-43e3-b854-b02b15fbc111",
      "title": "",
      "fullFile": "cypress\\e2e\\integration\\05-assertions.cy.js",
      "file": "cypress\\e2e\\integration\\05-assertions.cy.js",
      "beforeHooks": [],
      "afterHooks": [],
      "tests": [],
      "suites": [
        {
          "uuid": "13ef1152-dced-4d69-bef3-28fdc45147b7",
          "title": "Cypress Assertions",
          "fullFile": "",
          "file": "",
          "beforeHooks": [],
          "afterHooks": [],
          "tests": [
            {
              "title": "Assertion Practices",
              "fullTitle": "Cypress Assertions Assertion Practices",
              "timedOut": null,
              "duration": 2813,
              "state": "passed",
              "speed": "fast",
              "pass": true,
              "fail": false,
              "pending": false,
              "context": "{\n  \"title\": \"cypress-mochawesome-reporter-videos-passed\",\n  \"value\": \"cypress\\\\e2e\\\\integration\\\\05-assertions.cy.js\"\n}",
              "code": "cy.visit('https://techglobal-training.com/frontend');\ncy.clickCard('Html Elements');\n/**\n * 1. Go to https://techglobal-training.com/frontend\n * 2. Navigate to 'Html Elements' card\n * 3. From the \"Text Inputs\" section\n * 4. Validate text input 1 and text input 2 is enabled\n * 5. Validate text input 1 and text input 2 is is not required\n * 6. Enter your name and last name\n */\ncy.contains('Text Inputs').parent().find('input').as('textInputs');\nconst names = ['Tech', 'Global'];\ncy.get('@textInputs').each(($el, index) => {\n  cy.wrap($el).type(names[index]).should('be.enabled').and('not.have.attr', 'required');\n});\n/**\n * 1. Go to https://techglobal-training.com/frontend\n * 2. Navigate to 'Html Elements' card\n * 3. From the \"Date Inputs\" section\n * 4. Validate date input 1 and date input 2 is enabled\n * 5. Validate date input 1 and date input 2 is is not required\n * 6. Enter dates for both date input 1 and date input 2\n * 7. Validate value is changed to given dates.\n */\ncy.contains('Date Inputs').parent().find('input').as('dateInputs');\nconst dates = ['11/11/2000', '11/11/2000'];\ncy.get('@dateInputs').each(($el, index) => {\n  cy.wrap($el).clear().type(`${dates[index]}{enter}`).should('have.attr', 'value', dates[index]).and('be.enabled').and('not.have.attr', 'required');\n});\n/**\n * 1. Go to https://techglobal-training.com/frontend\n * 2. Navigate to 'Html Elements' card\n * 3. From the \"Dropdowns\" section\n * 4. Validate dropdown 1 and dropdown 2 is enabled\n * 6. Enter Microsoft for dropdown 1 and Apple for dropdown 2\n * 7. Validate options are selected\n */\nconst options = ['Microsoft', 'Apple'];\ncy.get('#company_dropdown1,#company_dropdown1').each(($el, index) => {\n  cy.wrap($el).should('be.enabled').select(options[index]).find('option:selected').should('have.text', options[index]);\n});",
              "err": {},
              "uuid": "2474a5b4-5e85-4a0a-ab61-105582ac15c6",
              "parentUUID": "13ef1152-dced-4d69-bef3-28fdc45147b7",
              "isHook": false,
              "skipped": false
            }
          ],
          "suites": [],
          "passes": [
            "2474a5b4-5e85-4a0a-ab61-105582ac15c6"
          ],
          "failures": [],
          "pending": [],
          "skipped": [],
          "duration": 2813,
          "root": false,
          "rootEmpty": false,
          "_timeout": 2000
        }
      ],
      "passes": [],
      "failures": [],
      "pending": [],
      "skipped": [],
      "duration": 0,
      "root": true,
      "rootEmpty": true,
      "_timeout": 2000
    }
  ],
  "meta": {
    "mocha": {
      "version": "7.0.1"
    },
    "mochawesome": {
      "options": {
        "quiet": false,
        "reportFilename": "mochawesome",
        "saveHtml": false,
        "saveJson": true,
        "consoleReporter": "spec",
        "useInlineDiffs": false,
        "code": true
      },
      "version": "7.1.3"
    },
    "marge": {
      "options": {
        "charts": true,
        "reportPageTitle": "My Regression Results",
        "embeddedScreenshots": true,
        "inlineAssets": true,
        "saveAllAttempts": false,
        "overwrite": false,
        "html": false,
        "json": true,
        "reportDir": "cypress\\reports\\html\\.jsons"
      },
      "version": "6.2.0"
    }
  }
}