{
  "stats": {
    "suites": 1,
    "tests": 2,
    "passes": 2,
    "pending": 0,
    "failures": 0,
    "start": "2023-11-16T02:03:29.922Z",
    "end": "2023-11-16T02:03:32.550Z",
    "duration": 2628,
    "testsRegistered": 2,
    "passPercent": 100,
    "pendingPercent": 0,
    "other": 0,
    "hasOther": false,
    "skipped": 0,
    "hasSkipped": false
  },
  "results": [
    {
      "uuid": "999e0b75-cbd1-4df1-b472-2c724c75c373",
      "title": "",
      "fullFile": "cypress\\e2e\\integration\\10-downloadAndUpload.cy.js",
      "file": "cypress\\e2e\\integration\\10-downloadAndUpload.cy.js",
      "beforeHooks": [],
      "afterHooks": [],
      "tests": [],
      "suites": [
        {
          "uuid": "3ed96541-f7c7-46bc-8e27-154f6785eb17",
          "title": "File Download & File Upload",
          "fullFile": "",
          "file": "",
          "beforeHooks": [],
          "afterHooks": [],
          "tests": [
            {
              "title": "File Download",
              "fullTitle": "File Download & File Upload File Download",
              "timedOut": null,
              "duration": 1727,
              "state": "passed",
              "speed": "fast",
              "pass": true,
              "fail": false,
              "pending": false,
              "context": "{\n  \"title\": \"cypress-mochawesome-reporter-videos-passed\",\n  \"value\": \"cypress\\\\e2e\\\\integration\\\\10-downloadAndUpload.cy.js\"\n}",
              "code": "cy.visit(\"https://techglobal-training.com/frontend\");\ncy.clickCard(\"File Download & Upload\");\ncy.get(\"#file_download\").click();\nfileName = \"SampleText.txt\";\ncy.readFile(`cypress/downloads/${fileName}`);",
              "err": {},
              "uuid": "4a7f4f7f-257b-4e43-b342-b81d34e9ebed",
              "parentUUID": "3ed96541-f7c7-46bc-8e27-154f6785eb17",
              "isHook": false,
              "skipped": false
            },
            {
              "title": "File Upload",
              "fullTitle": "File Download & File Upload File Upload",
              "timedOut": null,
              "duration": 818,
              "state": "passed",
              "speed": "fast",
              "pass": true,
              "fail": false,
              "pending": false,
              "context": "{\n  \"title\": \"cypress-mochawesome-reporter-videos-passed\",\n  \"value\": \"cypress\\\\e2e\\\\integration\\\\10-downloadAndUpload.cy.js\"\n}",
              "code": "cy.visit(\"https://techglobal-training.com/frontend\");\ncy.clickCard(\"File Download & Upload\");\ncy.get('#file_upload').selectFile(`cypress/downloads/${fileName}`);\n// Way to upload more than 1 file for the websites allowing you to upload multiple files at a time.\n// cy.get('#file_upload').selectFile([`cypress/downloads/${fileName}`, `cypress/downloads/${fileName}2`])\n// {action: 'drag-drop'} will give you option to drag the file into upload area\n// cy.get('#file_upload').selectFile(`cypress/downloads/${fileName}`, {action: 'drag-drop'})\ncy.get('#file_submit').realClick();\ncy.get('#result').should('have.text', `You uploaded ${fileName}`);",
              "err": {},
              "uuid": "907dc192-ddb0-46a7-8d64-aa5712d16ee7",
              "parentUUID": "3ed96541-f7c7-46bc-8e27-154f6785eb17",
              "isHook": false,
              "skipped": false
            }
          ],
          "suites": [],
          "passes": [
            "4a7f4f7f-257b-4e43-b342-b81d34e9ebed",
            "907dc192-ddb0-46a7-8d64-aa5712d16ee7"
          ],
          "failures": [],
          "pending": [],
          "skipped": [],
          "duration": 2545,
          "root": false,
          "rootEmpty": false,
          "_timeout": 2000
        }
      ],
      "passes": [],
      "failures": [],
      "pending": [],
      "skipped": [],
      "duration": 0,
      "root": true,
      "rootEmpty": true,
      "_timeout": 2000
    }
  ],
  "meta": {
    "mocha": {
      "version": "7.0.1"
    },
    "mochawesome": {
      "options": {
        "quiet": false,
        "reportFilename": "mochawesome",
        "saveHtml": false,
        "saveJson": true,
        "consoleReporter": "spec",
        "useInlineDiffs": false,
        "code": true
      },
      "version": "7.1.3"
    },
    "marge": {
      "options": {
        "charts": true,
        "reportPageTitle": "My Regression Results",
        "embeddedScreenshots": true,
        "inlineAssets": true,
        "saveAllAttempts": false,
        "overwrite": false,
        "html": false,
        "json": true,
        "reportDir": "cypress\\reports\\html\\.jsons"
      },
      "version": "6.2.0"
    }
  }
}