{
  "stats": {
    "suites": 1,
    "tests": 1,
    "passes": 1,
    "pending": 0,
    "failures": 0,
    "start": "2023-11-16T02:04:00.173Z",
    "end": "2023-11-16T02:04:02.330Z",
    "duration": 2157,
    "testsRegistered": 1,
    "passPercent": 100,
    "pendingPercent": 0,
    "other": 0,
    "hasOther": false,
    "skipped": 0,
    "hasSkipped": false
  },
  "results": [
    {
      "uuid": "e9c83206-411d-4968-be08-b2a40d8f16c2",
      "title": "",
      "fullFile": "cypress\\e2e\\integration\\13-debugging.cy.js",
      "file": "cypress\\e2e\\integration\\13-debugging.cy.js",
      "beforeHooks": [],
      "afterHooks": [],
      "tests": [],
      "suites": [
        {
          "uuid": "b0d1d8f4-4373-4114-bdd6-36db9a4ce95e",
          "title": "Debugging",
          "fullFile": "",
          "file": "",
          "beforeHooks": [],
          "afterHooks": [],
          "tests": [
            {
              "title": "Debugging using cy.debug()",
              "fullTitle": "Debugging Debugging using cy.debug()",
              "timedOut": null,
              "duration": 2093,
              "state": "passed",
              "speed": "fast",
              "pass": true,
              "fail": false,
              "pending": false,
              "context": "{\n  \"title\": \"cypress-mochawesome-reporter-videos-passed\",\n  \"value\": \"cypress\\\\e2e\\\\integration\\\\13-debugging.cy.js\"\n}",
              "code": "cy.visit(\"https://techglobal-training.com/frontend\");\ncy.clickCard(\"Project - Login Function\");\ncy.get('#username').type('TechGlobal');\n// cy.debug()\ncy.get('#password').type('Test1234');\ncy.get('#login_btn').click();\ncy.get('#success_lgn').should('be.visible');",
              "err": {},
              "uuid": "645bd141-ae05-45bc-afc0-fe4048008f7d",
              "parentUUID": "b0d1d8f4-4373-4114-bdd6-36db9a4ce95e",
              "isHook": false,
              "skipped": false
            }
          ],
          "suites": [],
          "passes": [
            "645bd141-ae05-45bc-afc0-fe4048008f7d"
          ],
          "failures": [],
          "pending": [],
          "skipped": [],
          "duration": 2093,
          "root": false,
          "rootEmpty": false,
          "_timeout": 2000
        }
      ],
      "passes": [],
      "failures": [],
      "pending": [],
      "skipped": [],
      "duration": 0,
      "root": true,
      "rootEmpty": true,
      "_timeout": 2000
    }
  ],
  "meta": {
    "mocha": {
      "version": "7.0.1"
    },
    "mochawesome": {
      "options": {
        "quiet": false,
        "reportFilename": "mochawesome",
        "saveHtml": false,
        "saveJson": true,
        "consoleReporter": "spec",
        "useInlineDiffs": false,
        "code": true
      },
      "version": "7.1.3"
    },
    "marge": {
      "options": {
        "charts": true,
        "reportPageTitle": "My Regression Results",
        "embeddedScreenshots": true,
        "inlineAssets": true,
        "saveAllAttempts": false,
        "overwrite": false,
        "html": false,
        "json": true,
        "reportDir": "cypress\\reports\\html\\.jsons"
      },
      "version": "6.2.0"
    }
  }
}