{
  "stats": {
    "suites": 1,
    "tests": 1,
    "passes": 1,
    "pending": 0,
    "failures": 0,
    "start": "2023-11-16T02:03:24.309Z",
    "end": "2023-11-16T02:03:25.791Z",
    "duration": 1482,
    "testsRegistered": 1,
    "passPercent": 100,
    "pendingPercent": 0,
    "other": 0,
    "hasOther": false,
    "skipped": 0,
    "hasSkipped": false
  },
  "results": [
    {
      "uuid": "1efe2db2-d342-4244-9b3d-598969de43f0",
      "title": "",
      "fullFile": "cypress\\e2e\\integration\\09-AdvancedActions.cy.js",
      "file": "cypress\\e2e\\integration\\09-AdvancedActions.cy.js",
      "beforeHooks": [],
      "afterHooks": [],
      "tests": [],
      "suites": [
        {
          "uuid": "06c1f7a2-09a9-4a93-b599-ffd732fafa32",
          "title": "Keyboard & Mouse Actions",
          "fullFile": "",
          "file": "",
          "beforeHooks": [],
          "afterHooks": [],
          "tests": [
            {
              "title": "Drag and Drop",
              "fullTitle": "Keyboard & Mouse Actions Drag and Drop",
              "timedOut": null,
              "duration": 1435,
              "state": "passed",
              "speed": "fast",
              "pass": true,
              "fail": false,
              "pending": false,
              "context": "{\n  \"title\": \"cypress-mochawesome-reporter-videos-passed\",\n  \"value\": \"cypress\\\\e2e\\\\integration\\\\09-AdvancedActions.cy.js\"\n}",
              "code": "cy.visit(\"https://techglobal-training.com/frontend\");\ncy.clickCard(\"Actions\");\nconst arr = ['Drag Me', 'Drop Here'];\ncy.get('button[id*=\"dr\"]').each((el, index) => {\n  cy.wrap(el).should('have.text', arr[index]);\n});\ncy.get('button[id*=\"dr\"]:first-child').drag('button[id*=\"dr\"]:last-child');\ncy.get('button[id*=\"dr\"]:last-child').should('have.attr', 'id', 'drag_element');\ncy.get('#drag_and_drop_result').should('have.text', 'An element dropped here!');",
              "err": {},
              "uuid": "47e3b908-9ec1-4218-895b-49d872cc5a49",
              "parentUUID": "06c1f7a2-09a9-4a93-b599-ffd732fafa32",
              "isHook": false,
              "skipped": false
            }
          ],
          "suites": [],
          "passes": [
            "47e3b908-9ec1-4218-895b-49d872cc5a49"
          ],
          "failures": [],
          "pending": [],
          "skipped": [],
          "duration": 1435,
          "root": false,
          "rootEmpty": false,
          "_timeout": 2000
        }
      ],
      "passes": [],
      "failures": [],
      "pending": [],
      "skipped": [],
      "duration": 0,
      "root": true,
      "rootEmpty": true,
      "_timeout": 2000
    }
  ],
  "meta": {
    "mocha": {
      "version": "7.0.1"
    },
    "mochawesome": {
      "options": {
        "quiet": false,
        "reportFilename": "mochawesome",
        "saveHtml": false,
        "saveJson": true,
        "consoleReporter": "spec",
        "useInlineDiffs": false,
        "code": true
      },
      "version": "7.1.3"
    },
    "marge": {
      "options": {
        "charts": true,
        "reportPageTitle": "My Regression Results",
        "embeddedScreenshots": true,
        "inlineAssets": true,
        "saveAllAttempts": false,
        "overwrite": false,
        "html": false,
        "json": true,
        "reportDir": "cypress\\reports\\html\\.jsons"
      },
      "version": "6.2.0"
    }
  }
}