{
  "stats": {
    "suites": 1,
    "tests": 2,
    "passes": 2,
    "pending": 0,
    "failures": 0,
    "start": "2023-11-16T02:02:49.035Z",
    "end": "2023-11-16T02:02:52.704Z",
    "duration": 3669,
    "testsRegistered": 2,
    "passPercent": 100,
    "pendingPercent": 0,
    "other": 0,
    "hasOther": false,
    "skipped": 0,
    "hasSkipped": false
  },
  "results": [
    {
      "uuid": "8e5b616f-b6d9-4244-af22-7ba7f90ef571",
      "title": "",
      "fullFile": "cypress\\e2e\\integration\\06-iFrames.cy.js",
      "file": "cypress\\e2e\\integration\\06-iFrames.cy.js",
      "beforeHooks": [],
      "afterHooks": [],
      "tests": [],
      "suites": [
        {
          "uuid": "a4003f35-6ae8-404c-b382-c372c223310f",
          "title": "iFrames in Cypress",
          "fullFile": "",
          "file": "",
          "beforeHooks": [],
          "afterHooks": [],
          "tests": [
            {
              "title": "Iframes",
              "fullTitle": "iFrames in Cypress Iframes",
              "timedOut": null,
              "duration": 2128,
              "state": "passed",
              "speed": "fast",
              "pass": true,
              "fail": false,
              "pending": false,
              "context": "{\n  \"title\": \"cypress-mochawesome-reporter-videos-passed\",\n  \"value\": \"cypress\\\\e2e\\\\integration\\\\06-iFrames.cy.js\"\n}",
              "code": "cy.visit('https://techglobal-training.com/frontend/');\ncy.clickCard('IFrames');\ncy.get('#form_frame').its('0.contentDocument.body').should('not.be.empty').find('#name_form > p').should('have.text', 'Please fill out your information below');",
              "err": {},
              "uuid": "631c75a9-e8a3-490e-b2d6-ff543f99adfb",
              "parentUUID": "a4003f35-6ae8-404c-b382-c372c223310f",
              "isHook": false,
              "skipped": false
            },
            {
              "title": "iFrames validate login",
              "fullTitle": "iFrames in Cypress iFrames validate login",
              "timedOut": null,
              "duration": 1434,
              "state": "passed",
              "speed": "fast",
              "pass": true,
              "fail": false,
              "pending": false,
              "context": "{\n  \"title\": \"cypress-mochawesome-reporter-videos-passed\",\n  \"value\": \"cypress\\\\e2e\\\\integration\\\\06-iFrames.cy.js\"\n}",
              "code": "cy.visit('https://techglobal-training.com/frontend');\ncy.clickCard('IFrames');\nconst name = ['John', 'Doe'];\ncy.get('#form_frame').its('0.contentDocument.body').find('#first_name,#last_name').each(($el, index) => {\n  cy.wrap($el).type(name[index]);\n});\ncy.get('#form_frame').its('0.contentDocument.body').find('#submit').click();\ncy.get('#result').should('have.text', `You entered: ${name.join(' ')}`);",
              "err": {},
              "uuid": "e81c4242-9ae8-4ee5-b282-6be5681566cf",
              "parentUUID": "a4003f35-6ae8-404c-b382-c372c223310f",
              "isHook": false,
              "skipped": false
            }
          ],
          "suites": [],
          "passes": [
            "631c75a9-e8a3-490e-b2d6-ff543f99adfb",
            "e81c4242-9ae8-4ee5-b282-6be5681566cf"
          ],
          "failures": [],
          "pending": [],
          "skipped": [],
          "duration": 3562,
          "root": false,
          "rootEmpty": false,
          "_timeout": 2000
        }
      ],
      "passes": [],
      "failures": [],
      "pending": [],
      "skipped": [],
      "duration": 0,
      "root": true,
      "rootEmpty": true,
      "_timeout": 2000
    }
  ],
  "meta": {
    "mocha": {
      "version": "7.0.1"
    },
    "mochawesome": {
      "options": {
        "quiet": false,
        "reportFilename": "mochawesome",
        "saveHtml": false,
        "saveJson": true,
        "consoleReporter": "spec",
        "useInlineDiffs": false,
        "code": true
      },
      "version": "7.1.3"
    },
    "marge": {
      "options": {
        "charts": true,
        "reportPageTitle": "My Regression Results",
        "embeddedScreenshots": true,
        "inlineAssets": true,
        "saveAllAttempts": false,
        "overwrite": false,
        "html": false,
        "json": true,
        "reportDir": "cypress\\reports\\html\\.jsons"
      },
      "version": "6.2.0"
    }
  }
}