{
  "stats": {
    "suites": 1,
    "tests": 5,
    "passes": 5,
    "pending": 0,
    "failures": 0,
    "start": "2023-11-16T02:02:29.176Z",
    "end": "2023-11-16T02:02:36.771Z",
    "duration": 7595,
    "testsRegistered": 5,
    "passPercent": 100,
    "pendingPercent": 0,
    "other": 0,
    "hasOther": false,
    "skipped": 0,
    "hasSkipped": false
  },
  "results": [
    {
      "uuid": "06039cc9-f432-4c6f-ab26-af3494730927",
      "title": "",
      "fullFile": "cypress\\e2e\\integration\\04-basicCommands.cy.js",
      "file": "cypress\\e2e\\integration\\04-basicCommands.cy.js",
      "beforeHooks": [],
      "afterHooks": [],
      "tests": [],
      "suites": [
        {
          "uuid": "e679d3cc-a37d-43e3-a7e1-aa1488893808",
          "title": "Cypress actions",
          "fullFile": "",
          "file": "",
          "beforeHooks": [],
          "afterHooks": [],
          "tests": [
            {
              "title": "Click Action",
              "fullTitle": "Cypress actions Click Action",
              "timedOut": null,
              "duration": 1446,
              "state": "passed",
              "speed": "fast",
              "pass": true,
              "fail": false,
              "pending": false,
              "context": "{\n  \"title\": \"cypress-mochawesome-reporter-videos-passed\",\n  \"value\": \"cypress\\\\e2e\\\\integration\\\\04-basicCommands.cy.js\"\n}",
              "code": "cy.visit('https://techglobal-training.com/frontend');\ncy.get('.cards').contains('Html Elements').click();\n// cy.get(\"#register_button\").click()\n// cy.get('.mt-1').should('have.text', 'You clicked on “Register”')\n// cy.get(\"#signin_button\").click()\n// cy.get('.mt-1').should('have.text', 'You clicked on “Sign in”')\ncy.get('#register_button').click().next().next().should('have.text', 'You clicked on “Register”').prev().click().next().should('have.text', 'You clicked on “Sign in”');",
              "err": {},
              "uuid": "6884df81-4e0c-4a38-8931-7ddf9ba5c9fd",
              "parentUUID": "e679d3cc-a37d-43e3-a7e1-aa1488893808",
              "isHook": false,
              "skipped": false
            },
            {
              "title": "Checkbox & Radio buttons",
              "fullTitle": "Cypress actions Checkbox & Radio buttons",
              "timedOut": null,
              "duration": 1184,
              "state": "passed",
              "speed": "fast",
              "pass": true,
              "fail": false,
              "pending": false,
              "context": "{\n  \"title\": \"cypress-mochawesome-reporter-videos-passed\",\n  \"value\": \"cypress\\\\e2e\\\\integration\\\\04-basicCommands.cy.js\"\n}",
              "code": "cy.visit('https://techglobal-training.com/frontend');\ncy.get('.cards').contains('Html Elements').click();\n// This assertion will not work, because \"#apple_check\" targets <label> web element\n// and this element is not the input itself, and its not possible to get input information from it.\n// cy.get('#apple_check').click().should('be.checked')\n// NOTE: THIS WILL NOT WORK!\n/**\n * cy.check() can only be called on :checkbox and :radio. \n * OUR subject is a: <label id=\"apple_check\" class=\"checkbox\">...</label>\n */\n// cy.get('#apple_check').check()\n/**\n * 1. Check on the Apple checkbox button\n * 2. Then Validate its checked\n * 3. Uncheck the Apple checkbox button\n * 4. Validate its unchecked.\n */\ncy.get('#checkbox_1').check().should('be.checked').uncheck().should('not.be.checked');\n/**\n * 1. Locate the \"Java\" radio button, and validate its not checked\n * 2. Select Java radio button\n * 3. Validate it's checked\n */\ncy.get('#radio_1_option_1').should('not.be.checked').check().should('be.checked');",
              "err": {},
              "uuid": "5b2d4ced-9b3c-4773-9bfe-ccb2c93d6da1",
              "parentUUID": "e679d3cc-a37d-43e3-a7e1-aa1488893808",
              "isHook": false,
              "skipped": false
            },
            {
              "title": "Text input",
              "fullTitle": "Cypress actions Text input",
              "timedOut": null,
              "duration": 1651,
              "state": "passed",
              "speed": "fast",
              "pass": true,
              "fail": false,
              "pending": false,
              "context": "{\n  \"title\": \"cypress-mochawesome-reporter-videos-passed\",\n  \"value\": \"cypress\\\\e2e\\\\integration\\\\04-basicCommands.cy.js\"\n}",
              "code": "cy.visit('https://techglobal-training.com/frontend');\ncy.get('.cards').contains('Html Elements').click();\n// .type('TechGlobal')\n// .clear()\n/**\n * 1. Locate the text inputs, and send text inside, and clear it.\n */\ncy.get('#text_input1').type('Hi').clear();\ncy.get('#text_input2').type('Hi').clear();",
              "err": {},
              "uuid": "1fd776b0-04f9-46c8-9c18-4ac891ce3448",
              "parentUUID": "e679d3cc-a37d-43e3-a7e1-aa1488893808",
              "isHook": false,
              "skipped": false
            },
            {
              "title": "Calender input",
              "fullTitle": "Cypress actions Calender input",
              "timedOut": null,
              "duration": 1803,
              "state": "passed",
              "speed": "fast",
              "pass": true,
              "fail": false,
              "pending": false,
              "context": "{\n  \"title\": \"cypress-mochawesome-reporter-videos-passed\",\n  \"value\": \"cypress\\\\e2e\\\\integration\\\\04-basicCommands.cy.js\"\n}",
              "code": "cy.visit('https://techglobal-training.com/frontend');\ncy.get('.cards').contains('Html Elements').click();\ncy.get(\"#date_input1\").type(\"11/11/1990{enter}\");\ncy.get(\"#date_input2\").clear().type(\"02/20/1987{esc}\");",
              "err": {},
              "uuid": "c8e73054-ac37-4a46-b16c-770896fa926f",
              "parentUUID": "e679d3cc-a37d-43e3-a7e1-aa1488893808",
              "isHook": false,
              "skipped": false
            },
            {
              "title": "Dropdown input",
              "fullTitle": "Cypress actions Dropdown input",
              "timedOut": null,
              "duration": 1260,
              "state": "passed",
              "speed": "fast",
              "pass": true,
              "fail": false,
              "pending": false,
              "context": "{\n  \"title\": \"cypress-mochawesome-reporter-videos-passed\",\n  \"value\": \"cypress\\\\e2e\\\\integration\\\\04-basicCommands.cy.js\"\n}",
              "code": "cy.visit('https://techglobal-training.com/frontend');\ncy.get('.cards').contains('Html Elements').click();\ncy.get('#company_dropdown1').select('Microsoft');\ncy.get('#company_dropdown2').select('Tesla');",
              "err": {},
              "uuid": "bd23b42e-5eec-4be6-8bc0-1edd316e52a4",
              "parentUUID": "e679d3cc-a37d-43e3-a7e1-aa1488893808",
              "isHook": false,
              "skipped": false
            }
          ],
          "suites": [],
          "passes": [
            "6884df81-4e0c-4a38-8931-7ddf9ba5c9fd",
            "5b2d4ced-9b3c-4773-9bfe-ccb2c93d6da1",
            "1fd776b0-04f9-46c8-9c18-4ac891ce3448",
            "c8e73054-ac37-4a46-b16c-770896fa926f",
            "bd23b42e-5eec-4be6-8bc0-1edd316e52a4"
          ],
          "failures": [],
          "pending": [],
          "skipped": [],
          "duration": 7344,
          "root": false,
          "rootEmpty": false,
          "_timeout": 2000
        }
      ],
      "passes": [],
      "failures": [],
      "pending": [],
      "skipped": [],
      "duration": 0,
      "root": true,
      "rootEmpty": true,
      "_timeout": 2000
    }
  ],
  "meta": {
    "mocha": {
      "version": "7.0.1"
    },
    "mochawesome": {
      "options": {
        "quiet": false,
        "reportFilename": "mochawesome",
        "saveHtml": false,
        "saveJson": true,
        "consoleReporter": "spec",
        "useInlineDiffs": false,
        "code": true
      },
      "version": "7.1.3"
    },
    "marge": {
      "options": {
        "charts": true,
        "reportPageTitle": "My Regression Results",
        "embeddedScreenshots": true,
        "inlineAssets": true,
        "saveAllAttempts": false,
        "overwrite": false,
        "html": false,
        "json": true,
        "reportDir": "cypress\\reports\\html\\.jsons"
      },
      "version": "6.2.0"
    }
  }
}